<?xml version="1.0" encoding="utf-8"?>
<?AutomationStudio Version="4.5.2.102"?>
<Objects>
  <Object
    Path="C:\Users\admin\Desktop\projcts\lab1_kvbo_08_21\Logical\Package.pkg"
    LogicalPath=""
    Type="Package.ParentUnknown"
    LastWriteTime="133717392405381482" />
  <Object
    Path="C:\Users\admin\Desktop\projcts\lab1_kvbo_08_21\Logical\Global.typ"
    LogicalPath="Global.typ"
    Type="File"
    LastWriteTime="133701048724963679"
    Private="false" />
  <Object
    Path="C:\Users\admin\Desktop\projcts\lab1_kvbo_08_21\Logical\Global.var"
    LogicalPath="Global.var"
    Type="File"
    LastWriteTime="133701048725122960"
    Private="false" />
  <Object
    Path="C:\Users\admin\Desktop\projcts\lab1_kvbo_08_21\Logical\Libraries\Package.pkg"
    LogicalPath="Libraries"
    Type="Package"
    LastWriteTime="133701054936304268" />
  <Object
    Path="C:\Users\admin\Desktop\projcts\lab1_kvbo_08_21\Logical\Libraries\operator\binary.lby"
    LogicalPath="Libraries.operator"
    Type="Library"
    LastWriteTime="133701048735745305" />
  <Object
    Path="C:\Users\admin\Desktop\projcts\lab1_kvbo_08_21\Logical\Libraries\operator\operator.fun"
    LogicalPath="Libraries.operator.operator.fun"
    Type="File"
    LastWriteTime="133701048735685476"
    Private="false" />
  <Object
    Path="C:\Users\admin\Desktop\projcts\lab1_kvbo_08_21\Logical\Libraries\operator\operator.typ"
    LogicalPath="Libraries.operator.operator.typ"
    Type="File"
    LastWriteTime="133701048735715390"
    Private="false" />
  <Object
    Path="C:\Users\admin\Desktop\projcts\lab1_kvbo_08_21\Logical\Libraries\operator\operator.var"
    LogicalPath="Libraries.operator.operator.var"
    Type="File"
    LastWriteTime="133701048735735338"
    Private="false" />
  <Object
    Path="C:\Users\admin\Desktop\projcts\lab1_kvbo_08_21\Logical\Libraries\runtime\binary.lby"
    LogicalPath="Libraries.runtime"
    Type="Library"
    LastWriteTime="133701048739944080" />
  <Object
    Path="C:\Users\admin\Desktop\projcts\lab1_kvbo_08_21\Logical\Libraries\runtime\runtime.fun"
    LogicalPath="Libraries.runtime.runtime.fun"
    Type="File"
    LastWriteTime="133701048739904197"
    Private="false" />
  <Object
    Path="C:\Users\admin\Desktop\projcts\lab1_kvbo_08_21\Logical\Libraries\runtime\runtime.typ"
    LogicalPath="Libraries.runtime.runtime.typ"
    Type="File"
    LastWriteTime="133701048739924132"
    Private="false" />
  <Object
    Path="C:\Users\admin\Desktop\projcts\lab1_kvbo_08_21\Logical\Libraries\runtime\runtime.var"
    LogicalPath="Libraries.runtime.runtime.var"
    Type="File"
    LastWriteTime="133701048739944080"
    Private="false" />
  <Object
    Path="C:\Users\admin\Desktop\projcts\lab1_kvbo_08_21\Logical\Libraries\astime\binary.lby"
    LogicalPath="Libraries.astime"
    Type="Library"
    LastWriteTime="133701048743953362" />
  <Object
    Path="C:\Users\admin\Desktop\projcts\lab1_kvbo_08_21\Logical\Libraries\astime\astime.fun"
    LogicalPath="Libraries.astime.astime.fun"
    Type="File"
    LastWriteTime="133701048743913473"
    Private="false" />
  <Object
    Path="C:\Users\admin\Desktop\projcts\lab1_kvbo_08_21\Logical\Libraries\astime\astime.typ"
    LogicalPath="Libraries.astime.astime.typ"
    Type="File"
    LastWriteTime="133701048743923455"
    Private="false" />
  <Object
    Path="C:\Users\admin\Desktop\projcts\lab1_kvbo_08_21\Logical\Libraries\astime\astime.var"
    LogicalPath="Libraries.astime.astime.var"
    Type="File"
    LastWriteTime="133701048743943390"
    Private="false" />
  <Object
    Path="C:\Users\admin\Desktop\projcts\lab1_kvbo_08_21\Logical\Libraries\AsIecCon\binary.lby"
    LogicalPath="Libraries.AsIecCon"
    Type="Library"
    LastWriteTime="133701048747945332" />
  <Object
    Path="C:\Users\admin\Desktop\projcts\lab1_kvbo_08_21\Logical\Libraries\AsIecCon\AsIecCon.fun"
    LogicalPath="Libraries.AsIecCon.AsIecCon.fun"
    Type="File"
    LastWriteTime="133701048747915412"
    Private="false" />
  <Object
    Path="C:\Users\admin\Desktop\projcts\lab1_kvbo_08_21\Logical\Libraries\AsIecCon\AsIecCon.typ"
    LogicalPath="Libraries.AsIecCon.AsIecCon.typ"
    Type="File"
    LastWriteTime="133701048747925384"
    Private="false" />
  <Object
    Path="C:\Users\admin\Desktop\projcts\lab1_kvbo_08_21\Logical\Libraries\AsIecCon\AsIecCon.var"
    LogicalPath="Libraries.AsIecCon.AsIecCon.var"
    Type="File"
    LastWriteTime="133701048747945332"
    Private="false" />
  <Object
    Path="C:\Users\admin\Desktop\projcts\lab1_kvbo_08_21\Logical\Libraries\MotorCont\ANSIC.lby"
    LogicalPath="Libraries.MotorCont"
    Type="Library"
    LastWriteTime="133707115688950713" />
  <Object
    Path="C:\Users\admin\Desktop\projcts\lab1_kvbo_08_21\Logical\Libraries\MotorCont\Types.typ"
    LogicalPath="Libraries.MotorCont.Types.typ"
    Type="File"
    LastWriteTime="133701051687635415"
    Private="false" />
  <Object
    Path="C:\Users\admin\Desktop\projcts\lab1_kvbo_08_21\Logical\Libraries\MotorCont\Constants.var"
    LogicalPath="Libraries.MotorCont.Constants.var"
    Type="File"
    LastWriteTime="133701051687665323"
    Private="false" />
  <Object
    Path="C:\Users\admin\Desktop\projcts\lab1_kvbo_08_21\Logical\Libraries\MotorCont\MotorCont.fun"
    LogicalPath="Libraries.MotorCont.MotorCont.fun"
    Type="File"
    LastWriteTime="133719229658154159"
    Private="false" />
  <Object
    Path="C:\Users\admin\Desktop\projcts\lab1_kvbo_08_21\Logical\Libraries\MotorCont\FB_Integrator.c"
    LogicalPath="Libraries.MotorCont.FB_Integrator.c"
    Type="File"
    LastWriteTime="133719229970951357"
    Private="false" />
  <Object
    Path="C:\Users\admin\Desktop\projcts\lab1_kvbo_08_21\Logical\Libraries\MotorCont\FB_Motor.c"
    LogicalPath="Libraries.MotorCont.FB_Motor.c"
    Type="File"
    LastWriteTime="133717386487475833"
    Private="false" />
  <Object
    Path="C:\Users\admin\Desktop\projcts\lab1_kvbo_08_21\Logical\Libraries\MotorCont\FB_Regulator.c"
    LogicalPath="Libraries.MotorCont.FB_Regulator.c"
    Type="File"
    LastWriteTime="133719223051640365"
    Private="false" />
  <Object
    Path="C:\Users\admin\Desktop\projcts\lab1_kvbo_08_21\Logical\lab1\ANSIC.prg"
    LogicalPath="lab1"
    Type="Program"
    LastWriteTime="133701050711485606" />
  <Object
    Path="C:\Users\admin\Desktop\projcts\lab1_kvbo_08_21\Logical\lab1\Cyclic.c"
    LogicalPath="lab1.Cyclic.c"
    Type="File"
    LastWriteTime="133717419128921063"
    Private="false" />
  <Object
    Path="C:\Users\admin\Desktop\projcts\lab1_kvbo_08_21\Logical\lab1\Init.c"
    LogicalPath="lab1.Init.c"
    Type="File"
    LastWriteTime="133717383588671325"
    Private="false" />
  <Object
    Path="C:\Users\admin\Desktop\projcts\lab1_kvbo_08_21\Logical\lab1\Exit.c"
    LogicalPath="lab1.Exit.c"
    Type="File"
    LastWriteTime="133701050711445710"
    Private="false" />
  <Object
    Path="C:\Users\admin\Desktop\projcts\lab1_kvbo_08_21\Logical\lab1\Types.typ"
    LogicalPath="lab1.Types.typ"
    Type="File"
    LastWriteTime="133701050711455693"
    Private="true" />
  <Object
    Path="C:\Users\admin\Desktop\projcts\lab1_kvbo_08_21\Logical\lab1\Variables.var"
    LogicalPath="lab1.Variables.var"
    Type="File"
    LastWriteTime="133713175482543638"
    Private="true" />
  <Object
    Path="C:\Users\admin\Desktop\projcts\lab1_kvbo_08_21\Logical\Program\ANSIC.prg"
    LogicalPath="Program"
    Type="Program"
    LastWriteTime="133717392405361534" />
  <Object
    Path="C:\Users\admin\Desktop\projcts\lab1_kvbo_08_21\Logical\Program\Main.c"
    LogicalPath="Program.Main.c"
    Type="File"
    LastWriteTime="133719219389514271"
    Private="false" />
  <Object
    Path="C:\Users\admin\Desktop\projcts\lab1_kvbo_08_21\Logical\Program\Types.typ"
    LogicalPath="Program.Types.typ"
    Type="File"
    LastWriteTime="133717392405331616"
    Private="true" />
  <Object
    Path="C:\Users\admin\Desktop\projcts\lab1_kvbo_08_21\Logical\Program\Variables.var"
    LogicalPath="Program.Variables.var"
    Type="File"
    LastWriteTime="133717393678103668"
    Private="true" />
  <Object
    Path="C:\Users\admin\Desktop\projcts\lab1_kvbo_08_21\Physical\Config1\Config.pkg"
    LogicalPath="Config1"
    Type="Configuration.ParentUnknown"
    LastWriteTime="133701048775190886" />
  <Object
    Path="C:\Users\admin\Desktop\projcts\lab1_kvbo_08_21\Physical\Config1\Hardware.hw"
    LogicalPath="Config1.Hardware.hw"
    Type="File"
    LastWriteTime="133719219035632967"
    Private="false" />
  <Object
    Path="C:\Users\admin\Desktop\projcts\lab1_kvbo_08_21\Physical\Config1\Hardware.hwl"
    LogicalPath="Config1.Hardware.hwl"
    Type="File"
    LastWriteTime="133701050038843430"
    Private="false" />
  <Object
    Path="C:\Users\admin\Desktop\projcts\lab1_kvbo_08_21\Physical\Config1\4PP065_0571_P74\Cpu.pkg"
    LogicalPath="Config1.4PP065_0571_P74"
    Type="Cpu"
    LastWriteTime="133701048750673856" />
  <Object
    Path="C:\Users\admin\Desktop\projcts\lab1_kvbo_08_21\Physical\Config1\4PP065_0571_P74\Cpu.sw"
    LogicalPath="Config1.4PP065_0571_P74.Cpu.sw"
    Type="File"
    LastWriteTime="133717393658332359"
    Private="false" />
  <Object
    Path="C:\Users\admin\Desktop\projcts\lab1_kvbo_08_21\Physical\Config1\4PP065_0571_P74\Cpu.per"
    LogicalPath="Config1.4PP065_0571_P74.Cpu.per"
    Type="File"
    LastWriteTime="133701048749855799"
    Private="false" />
  <Object
    Path="C:\Users\admin\Desktop\projcts\lab1_kvbo_08_21\Physical\Config1\4PP065_0571_P74\IoMap.iom"
    LogicalPath="Config1.4PP065_0571_P74.IoMap.iom"
    Type="File"
    LastWriteTime="133701048749865774"
    Private="false" />
  <Object
    Path="C:\Users\admin\Desktop\projcts\lab1_kvbo_08_21\Physical\Config1\4PP065_0571_P74\PvMap.vvm"
    LogicalPath="Config1.4PP065_0571_P74.PvMap.vvm"
    Type="File"
    LastWriteTime="133701048749875752"
    Private="false" />
  <Object
    Path="C:\Users\admin\Desktop\projcts\lab1_kvbo_08_21\Physical\Config1\4PP065_0571_P74\Connectivity\Package.pkg"
    LogicalPath="Config1.4PP065_0571_P74.Connectivity"
    Type="Package"
    LastWriteTime="133701048750085188" />
  <Object
    Path="C:\Users\admin\Desktop\projcts\lab1_kvbo_08_21\Physical\Config1\4PP065_0571_P74\Connectivity\OpcUA\Package.pkg"
    LogicalPath="Config1.4PP065_0571_P74.Connectivity.OpcUA"
    Type="Package"
    LastWriteTime="133701048750075216" />
  <Object
    Path="C:\Users\admin\Desktop\projcts\lab1_kvbo_08_21\Physical\Config1\4PP065_0571_P74\TextSystem\Package.pkg"
    LogicalPath="Config1.4PP065_0571_P74.TextSystem"
    Type="Package"
    LastWriteTime="133701048750115105" />
  <Object
    Path="C:\Users\admin\Desktop\projcts\lab1_kvbo_08_21\Physical\Config1\4PP065_0571_P74\UnitSystem\Package.pkg"
    LogicalPath="Config1.4PP065_0571_P74.UnitSystem"
    Type="Package"
    LastWriteTime="133701048750145027" />
  <Object
    Path="C:\Users\admin\Desktop\projcts\lab1_kvbo_08_21\Physical\Config1\4PP065_0571_P74\AccessAndSecurity\Package.pkg"
    LogicalPath="Config1.4PP065_0571_P74.AccessAndSecurity"
    Type="Package"
    LastWriteTime="133701048750504071" />
  <Object
    Path="C:\Users\admin\Desktop\projcts\lab1_kvbo_08_21\Physical\Config1\4PP065_0571_P74\AccessAndSecurity\UserRoleSystem\Package.pkg"
    LogicalPath="Config1.4PP065_0571_P74.AccessAndSecurity.UserRoleSystem"
    Type="Package"
    LastWriteTime="133701048750244759" />
  <Object
    Path="C:\Users\admin\Desktop\projcts\lab1_kvbo_08_21\Physical\Config1\4PP065_0571_P74\AccessAndSecurity\UserRoleSystem\Role.role"
    LogicalPath="Config1.4PP065_0571_P74.AccessAndSecurity.UserRoleSystem.Role.role"
    Type="File"
    LastWriteTime="133701048750224815"
    Private="false" />
  <Object
    Path="C:\Users\admin\Desktop\projcts\lab1_kvbo_08_21\Physical\Config1\4PP065_0571_P74\AccessAndSecurity\UserRoleSystem\User.user"
    LogicalPath="Config1.4PP065_0571_P74.AccessAndSecurity.UserRoleSystem.User.user"
    Type="File"
    LastWriteTime="133701048750244759"
    Private="false" />
  <Object
    Path="C:\Users\admin\Desktop\projcts\lab1_kvbo_08_21\Physical\Config1\4PP065_0571_P74\AccessAndSecurity\CertificateStore\Package.pkg"
    LogicalPath="Config1.4PP065_0571_P74.AccessAndSecurity.CertificateStore"
    Type="Package"
    LastWriteTime="133701048750464173" />
  <Object
    Path="C:\Users\admin\Desktop\projcts\lab1_kvbo_08_21\Physical\Config1\4PP065_0571_P74\AccessAndSecurity\CertificateStore\OwnCertificates\Package.pkg"
    LogicalPath="Config1.4PP065_0571_P74.AccessAndSecurity.CertificateStore.OwnCertificates"
    Type="Package"
    LastWriteTime="133701048750354469" />
  <Object
    Path="C:\Users\admin\Desktop\projcts\lab1_kvbo_08_21\Physical\Config1\4PP065_0571_P74\AccessAndSecurity\CertificateStore\OwnCertificates\Certificates\Package.pkg"
    LogicalPath="Config1.4PP065_0571_P74.AccessAndSecurity.CertificateStore.OwnCertificates.Certificates"
    Type="Package"
    LastWriteTime="133701048750324545" />
  <Object
    Path="C:\Users\admin\Desktop\projcts\lab1_kvbo_08_21\Physical\Config1\4PP065_0571_P74\AccessAndSecurity\CertificateStore\OwnCertificates\PrivateKeys\Package.pkg"
    LogicalPath="Config1.4PP065_0571_P74.AccessAndSecurity.CertificateStore.OwnCertificates.PrivateKeys"
    Type="Package"
    LastWriteTime="133701048750344491" />
  <Object
    Path="C:\Users\admin\Desktop\projcts\lab1_kvbo_08_21\Physical\Config1\4PP065_0571_P74\AccessAndSecurity\CertificateStore\ThirdPartyCertificates\Package.pkg"
    LogicalPath="Config1.4PP065_0571_P74.AccessAndSecurity.CertificateStore.ThirdPartyCertificates"
    Type="Package"
    LastWriteTime="133701048750404332" />
  <Object
    Path="C:\Users\admin\Desktop\projcts\lab1_kvbo_08_21\Physical\Config1\4PP065_0571_P74\AccessAndSecurity\CertificateStore\ThirdPartyCertificates\SoftwareCertificates\Package.pkg"
    LogicalPath="Config1.4PP065_0571_P74.AccessAndSecurity.CertificateStore.ThirdPartyCertificates.SoftwareCertificates"
    Type="Package"
    LastWriteTime="133701048750404332" />
  <Object
    Path="C:\Users\admin\Desktop\projcts\lab1_kvbo_08_21\Physical\Config1\4PP065_0571_P74\AccessAndSecurity\CertificateStore\CertificateRevocationLists\Package.pkg"
    LogicalPath="Config1.4PP065_0571_P74.AccessAndSecurity.CertificateStore.CertificateRevocationLists"
    Type="Package"
    LastWriteTime="133701048750434265" />
  <Object
    Path="C:\Users\admin\Desktop\projcts\lab1_kvbo_08_21\Physical\Config1\4PP065_0571_P74\AccessAndSecurity\CertificateStore\CertificateSigningRequests\Package.pkg"
    LogicalPath="Config1.4PP065_0571_P74.AccessAndSecurity.CertificateStore.CertificateSigningRequests"
    Type="Package"
    LastWriteTime="133701048750464173" />
  <Object
    Path="C:\Users\admin\Desktop\projcts\lab1_kvbo_08_21\Physical\Config1\4PP065_0571_P74\AccessAndSecurity\TransportLayerSecurity\Package.pkg"
    LogicalPath="Config1.4PP065_0571_P74.AccessAndSecurity.TransportLayerSecurity"
    Type="Package"
    LastWriteTime="133701048750494094" />
  <Object
    Path="C:\Users\admin\Desktop\projcts\lab1_kvbo_08_21\Physical\Config1\4PP065_0571_P74\mappControl\Package.pkg"
    LogicalPath="Config1.4PP065_0571_P74.mappControl"
    Type="Package"
    LastWriteTime="133701048750534234" />
  <Object
    Path="C:\Users\admin\Desktop\projcts\lab1_kvbo_08_21\Physical\Config1\4PP065_0571_P74\mappMotion\Package.pkg"
    LogicalPath="Config1.4PP065_0571_P74.mappMotion"
    Type="Package"
    LastWriteTime="133701048750564155" />
  <Object
    Path="C:\Users\admin\Desktop\projcts\lab1_kvbo_08_21\Physical\Config1\4PP065_0571_P74\mappServices\Package.pkg"
    LogicalPath="Config1.4PP065_0571_P74.mappServices"
    Type="Package"
    LastWriteTime="133701048750604046" />
  <Object
    Path="C:\Users\admin\Desktop\projcts\lab1_kvbo_08_21\Physical\Config1\4PP065_0571_P74\mappView\Package.pkg"
    LogicalPath="Config1.4PP065_0571_P74.mappView"
    Type="Package"
    LastWriteTime="133701048750633963" />
  <Object
    Path="C:\Users\admin\Desktop\projcts\lab1_kvbo_08_21\Physical\Config1\4PP065_0571_P74\mappCockpit\Package.pkg"
    LogicalPath="Config1.4PP065_0571_P74.mappCockpit"
    Type="Package"
    LastWriteTime="133701048750663887" />
  <Object
    Path="C:\Users\admin\Desktop\projcts\lab1_kvbo_08_21\Physical\Config1\Hardware.jpg"
    LogicalPath="Config1.Hardware.jpg"
    Type="File"
    LastWriteTime="133719230023580045"
    Private="false" />
</Objects>